                                 Started job on |	Jul 20 23:49:05
                             Started mapping on |	Jul 20 23:49:05
                                    Finished on |	Jul 20 23:49:10
       Mapping speed, Million of reads per hour |	43.29

                          Number of input reads |	60128
                      Average input read length |	258
                                    UNIQUE READS:
                   Uniquely mapped reads number |	56105
                        Uniquely mapped reads % |	93.31%
                          Average mapped length |	257.82
                       Number of splices: Total |	250
            Number of splices: Annotated (sjdb) |	0
                       Number of splices: GT/AG |	33
                       Number of splices: GC/AG |	0
                       Number of splices: AT/AC |	15
               Number of splices: Non-canonical |	202
                      Mismatch rate per base, % |	0.15%
                         Deletion rate per base |	0.15%
                        Deletion average length |	1.65
                        Insertion rate per base |	0.01%
                       Insertion average length |	1.11
                             MULTI-MAPPING READS:
        Number of reads mapped to multiple loci |	297
             % of reads mapped to multiple loci |	0.49%
        Number of reads mapped to too many loci |	0
             % of reads mapped to too many loci |	0.00%
                                  UNMAPPED READS:
  Number of reads unmapped: too many mismatches |	0
       % of reads unmapped: too many mismatches |	0.00%
            Number of reads unmapped: too short |	1690
                 % of reads unmapped: too short |	2.81%
                Number of reads unmapped: other |	2036
                     % of reads unmapped: other |	3.39%
                                  CHIMERIC READS:
                       Number of chimeric reads |	0
                            % of chimeric reads |	0.00%
