                                 Started job on |	Jul 20 23:48:41
                             Started mapping on |	Jul 20 23:48:41
                                    Finished on |	Jul 20 23:48:48
       Mapping speed, Million of reads per hour |	19.86

                          Number of input reads |	38621
                      Average input read length |	231
                                    UNIQUE READS:
                   Uniquely mapped reads number |	35937
                        Uniquely mapped reads % |	93.05%
                          Average mapped length |	226.77
                       Number of splices: Total |	39836
            Number of splices: Annotated (sjdb) |	0
                       Number of splices: GT/AG |	98
                       Number of splices: GC/AG |	2
                       Number of splices: AT/AC |	1
               Number of splices: Non-canonical |	39735
                      Mismatch rate per base, % |	0.27%
                         Deletion rate per base |	0.23%
                        Deletion average length |	1.59
                        Insertion rate per base |	0.01%
                       Insertion average length |	1.10
                             MULTI-MAPPING READS:
        Number of reads mapped to multiple loci |	849
             % of reads mapped to multiple loci |	2.20%
        Number of reads mapped to too many loci |	1
             % of reads mapped to too many loci |	0.00%
                                  UNMAPPED READS:
  Number of reads unmapped: too many mismatches |	0
       % of reads unmapped: too many mismatches |	0.00%
            Number of reads unmapped: too short |	872
                 % of reads unmapped: too short |	2.26%
                Number of reads unmapped: other |	962
                     % of reads unmapped: other |	2.49%
                                  CHIMERIC READS:
                       Number of chimeric reads |	0
                            % of chimeric reads |	0.00%
