                                 Started job on |	Jul 20 23:49:46
                             Started mapping on |	Jul 20 23:49:46
                                    Finished on |	Jul 20 23:49:51
       Mapping speed, Million of reads per hour |	67.82

                          Number of input reads |	94190
                      Average input read length |	256
                                    UNIQUE READS:
                   Uniquely mapped reads number |	90848
                        Uniquely mapped reads % |	96.45%
                          Average mapped length |	255.26
                       Number of splices: Total |	106
            Number of splices: Annotated (sjdb) |	0
                       Number of splices: GT/AG |	27
                       Number of splices: GC/AG |	1
                       Number of splices: AT/AC |	2
               Number of splices: Non-canonical |	76
                      Mismatch rate per base, % |	0.22%
                         Deletion rate per base |	0.01%
                        Deletion average length |	2.21
                        Insertion rate per base |	0.00%
                       Insertion average length |	1.58
                             MULTI-MAPPING READS:
        Number of reads mapped to multiple loci |	107
             % of reads mapped to multiple loci |	0.11%
        Number of reads mapped to too many loci |	1
             % of reads mapped to too many loci |	0.00%
                                  UNMAPPED READS:
  Number of reads unmapped: too many mismatches |	0
       % of reads unmapped: too many mismatches |	0.00%
            Number of reads unmapped: too short |	2208
                 % of reads unmapped: too short |	2.34%
                Number of reads unmapped: other |	1026
                     % of reads unmapped: other |	1.09%
                                  CHIMERIC READS:
                       Number of chimeric reads |	0
                            % of chimeric reads |	0.00%
