                                 Started job on |	Jul 20 23:49:14
                             Started mapping on |	Jul 20 23:49:14
                                    Finished on |	Jul 20 23:49:19
       Mapping speed, Million of reads per hour |	54.91

                          Number of input reads |	76264
                      Average input read length |	239
                                    UNIQUE READS:
                   Uniquely mapped reads number |	73837
                        Uniquely mapped reads % |	96.82%
                          Average mapped length |	237.82
                       Number of splices: Total |	85763
            Number of splices: Annotated (sjdb) |	0
                       Number of splices: GT/AG |	40
                       Number of splices: GC/AG |	0
                       Number of splices: AT/AC |	13
               Number of splices: Non-canonical |	85710
                      Mismatch rate per base, % |	0.11%
                         Deletion rate per base |	0.13%
                        Deletion average length |	1.59
                        Insertion rate per base |	0.01%
                       Insertion average length |	1.08
                             MULTI-MAPPING READS:
        Number of reads mapped to multiple loci |	792
             % of reads mapped to multiple loci |	1.04%
        Number of reads mapped to too many loci |	0
             % of reads mapped to too many loci |	0.00%
                                  UNMAPPED READS:
  Number of reads unmapped: too many mismatches |	0
       % of reads unmapped: too many mismatches |	0.00%
            Number of reads unmapped: too short |	1151
                 % of reads unmapped: too short |	1.51%
                Number of reads unmapped: other |	484
                     % of reads unmapped: other |	0.63%
                                  CHIMERIC READS:
                       Number of chimeric reads |	0
                            % of chimeric reads |	0.00%
