                                 Started job on |	Jul 20 23:49:02
                             Started mapping on |	Jul 20 23:49:02
                                    Finished on |	Jul 20 23:49:06
       Mapping speed, Million of reads per hour |	47.18

                          Number of input reads |	52424
                      Average input read length |	237
                                    UNIQUE READS:
                   Uniquely mapped reads number |	51200
                        Uniquely mapped reads % |	97.67%
                          Average mapped length |	235.48
                       Number of splices: Total |	61098
            Number of splices: Annotated (sjdb) |	0
                       Number of splices: GT/AG |	8
                       Number of splices: GC/AG |	0
                       Number of splices: AT/AC |	0
               Number of splices: Non-canonical |	61090
                      Mismatch rate per base, % |	0.05%
                         Deletion rate per base |	0.00%
                        Deletion average length |	1.53
                        Insertion rate per base |	0.00%
                       Insertion average length |	1.61
                             MULTI-MAPPING READS:
        Number of reads mapped to multiple loci |	286
             % of reads mapped to multiple loci |	0.55%
        Number of reads mapped to too many loci |	1
             % of reads mapped to too many loci |	0.00%
                                  UNMAPPED READS:
  Number of reads unmapped: too many mismatches |	0
       % of reads unmapped: too many mismatches |	0.00%
            Number of reads unmapped: too short |	779
                 % of reads unmapped: too short |	1.49%
                Number of reads unmapped: other |	158
                     % of reads unmapped: other |	0.30%
                                  CHIMERIC READS:
                       Number of chimeric reads |	0
                            % of chimeric reads |	0.00%
