                                 Started job on |	Jul 20 23:57:21
                             Started mapping on |	Jul 20 23:57:21
                                    Finished on |	Jul 20 23:57:25
       Mapping speed, Million of reads per hour |	114.54

                          Number of input reads |	127270
                      Average input read length |	294
                                    UNIQUE READS:
                   Uniquely mapped reads number |	126628
                        Uniquely mapped reads % |	99.50%
                          Average mapped length |	293.10
                       Number of splices: Total |	124833
            Number of splices: Annotated (sjdb) |	0
                       Number of splices: GT/AG |	26
                       Number of splices: GC/AG |	0
                       Number of splices: AT/AC |	4
               Number of splices: Non-canonical |	124803
                      Mismatch rate per base, % |	0.05%
                         Deletion rate per base |	0.00%
                        Deletion average length |	1.53
                        Insertion rate per base |	0.00%
                       Insertion average length |	1.44
                             MULTI-MAPPING READS:
        Number of reads mapped to multiple loci |	368
             % of reads mapped to multiple loci |	0.29%
        Number of reads mapped to too many loci |	0
             % of reads mapped to too many loci |	0.00%
                                  UNMAPPED READS:
  Number of reads unmapped: too many mismatches |	0
       % of reads unmapped: too many mismatches |	0.00%
            Number of reads unmapped: too short |	141
                 % of reads unmapped: too short |	0.11%
                Number of reads unmapped: other |	133
                     % of reads unmapped: other |	0.10%
                                  CHIMERIC READS:
                       Number of chimeric reads |	0
                            % of chimeric reads |	0.00%
