                                 Started job on |	Jul 20 23:55:07
                             Started mapping on |	Jul 20 23:55:07
                                    Finished on |	Jul 20 23:55:58
       Mapping speed, Million of reads per hour |	5.35

                          Number of input reads |	75815
                      Average input read length |	299
                                    UNIQUE READS:
                   Uniquely mapped reads number |	72315
                        Uniquely mapped reads % |	95.38%
                          Average mapped length |	296.44
                       Number of splices: Total |	7618
            Number of splices: Annotated (sjdb) |	0
                       Number of splices: GT/AG |	10
                       Number of splices: GC/AG |	2
                       Number of splices: AT/AC |	0
               Number of splices: Non-canonical |	7606
                      Mismatch rate per base, % |	1.48%
                         Deletion rate per base |	0.04%
                        Deletion average length |	1.42
                        Insertion rate per base |	0.01%
                       Insertion average length |	1.22
                             MULTI-MAPPING READS:
        Number of reads mapped to multiple loci |	1759
             % of reads mapped to multiple loci |	2.32%
        Number of reads mapped to too many loci |	1
             % of reads mapped to too many loci |	0.00%
                                  UNMAPPED READS:
  Number of reads unmapped: too many mismatches |	0
       % of reads unmapped: too many mismatches |	0.00%
            Number of reads unmapped: too short |	143
                 % of reads unmapped: too short |	0.19%
                Number of reads unmapped: other |	1597
                     % of reads unmapped: other |	2.11%
                                  CHIMERIC READS:
                       Number of chimeric reads |	0
                            % of chimeric reads |	0.00%
