STAR version=2.7.11b
STAR compilation time,server,dir=2024-04-14T23:10:25+00:00 <place not set in Debian package>
##### Command Line:
/usr/lib/rna-star/bin/STAR-avx2 --runMode alignReads --genomeDir star_index --readFilesIn SRR23609084_R1_trimmed.fastq.gz SRR23609084_R2_trimmed.fastq.gz --readFilesCommand zcat --outFileNamePrefix SRR23609084_ --outSAMtype BAM SortedByCoordinate --runThreadN 5 --limitBAMsortRAM 2000000000
##### Initial USER parameters from Command Line:
outFileNamePrefix                 SRR23609084_
###### All USER parameters from Command Line:
runMode                       alignReads        ~RE-DEFINED
genomeDir                     star_index     ~RE-DEFINED
readFilesIn                   SRR23609084_R1_trimmed.fastq.gz   SRR23609084_R2_trimmed.fastq.gz        ~RE-DEFINED
readFilesCommand              zcat        ~RE-DEFINED
outFileNamePrefix             SRR23609084_     ~RE-DEFINED
outSAMtype                    BAM   SortedByCoordinate        ~RE-DEFINED
runThreadN                    5     ~RE-DEFINED
limitBAMsortRAM               2000000000     ~RE-DEFINED
##### Finished reading parameters from all sources

##### Final user re-defined parameters-----------------:
runMode                           alignReads   
runThreadN                        5
genomeDir                         star_index
readFilesIn                       SRR23609084_R1_trimmed.fastq.gz   SRR23609084_R2_trimmed.fastq.gz   
readFilesCommand                  zcat   
limitBAMsortRAM                   2000000000
outFileNamePrefix                 SRR23609084_
outSAMtype                        BAM   SortedByCoordinate   

-------------------------------
##### Final effective command line:
/usr/lib/rna-star/bin/STAR-avx2   --runMode alignReads      --runThreadN 5   --genomeDir star_index   --readFilesIn SRR23609084_R1_trimmed.fastq.gz   SRR23609084_R2_trimmed.fastq.gz      --readFilesCommand zcat      --limitBAMsortRAM 2000000000   --outFileNamePrefix SRR23609084_   --outSAMtype BAM   SortedByCoordinate   
----------------------------------------

Number of fastq files for each mate = 1

   Input read files for mate 1 :
-rw-r--r-- 1 root root 2071642 Jul 20 23:55 SRR23609084_R1_trimmed.fastq.gz

   readsCommandsFile:
exec > "SRR23609084__STARtmp/tmp.fifo.read1"
echo FILE 0
zcat      "SRR23609084_R1_trimmed.fastq.gz"


   Input read files for mate 2 :
-rw-r--r-- 1 root root 2103876 Jul 20 23:55 SRR23609084_R2_trimmed.fastq.gz

   readsCommandsFile:
exec > "SRR23609084__STARtmp/tmp.fifo.read2"
echo FILE 0
zcat      "SRR23609084_R2_trimmed.fastq.gz"

ParametersSolo: --soloCellFilterType CellRanger2.2 filtering parameters:  3000 0.99 10
Finished loading and checking parameters
Reading genome generation parameters:
### /usr/lib/rna-star/bin/STAR-avx2   --runMode genomeGenerate      --runThreadN 5   --genomeDir ./star_index   --genomeFastaFiles SARS-Cov2_reference_genome.fasta      --genomeSAindexNbases 6
### GstrandBit=32
versionGenome                 2.7.4a     ~RE-DEFINED
genomeType                    Full     ~RE-DEFINED
genomeFastaFiles              SARS-Cov2_reference_genome.fasta        ~RE-DEFINED
genomeSAindexNbases           6     ~RE-DEFINED
genomeChrBinNbits             18     ~RE-DEFINED
genomeSAsparseD               1     ~RE-DEFINED
genomeTransformType           None     ~RE-DEFINED
genomeTransformVCF            -     ~RE-DEFINED
sjdbOverhang                  0     ~RE-DEFINED
sjdbFileChrStartEnd           -        ~RE-DEFINED
sjdbGTFfile                   -     ~RE-DEFINED
sjdbGTFchrPrefix              -     ~RE-DEFINED
sjdbGTFfeatureExon            exon     ~RE-DEFINED
sjdbGTFtagExonParentTranscripttranscript_id     ~RE-DEFINED
sjdbGTFtagExonParentGene      gene_id     ~RE-DEFINED
sjdbInsertSave                Basic     ~RE-DEFINED
genomeFileSizes               262144   246703        ~RE-DEFINED
Genome version is compatible with current STAR
Number of real (reference) chromosomes= 1
1	NC_045512.2	29903	0
Started loading the genome: Sun Jul 20 23:57:29 2025

Genome: size given as a parameter = 262144
SA: size given as a parameter = 246703
SAindex: size given as a parameter = 1
Read from SAindex: pGe.gSAindexNbases=6  nSAi=5460
nGenome=262144;  nSAbyte=246703
GstrandBit=32   SA number of indices=59806
Shared memory is not used for genomes. Allocated a private copy of the genome.
Genome file size: 262144 bytes; state: good=1 eof=0 fail=0 bad=0
Loading Genome ... done! state: good=1 eof=0 fail=0 bad=0; loaded 262144 bytes
SA file size: 246703 bytes; state: good=1 eof=0 fail=0 bad=0
Loading SA ... done! state: good=1 eof=0 fail=0 bad=0; loaded 246703 bytes
Loading SAindex ... done: 23955 bytes
Finished loading the genome: Sun Jul 20 23:57:29 2025

alignIntronMax=alignMatesGapMax=0, the max intron size will be approximately determined by (2^winBinNbits)*winAnchorDistNbins=589824
Created thread # 1
Created thread # 2
Created thread # 3
Created thread # 4
Starting to map file # 0
mate 1:   SRR23609084_R1_trimmed.fastq.gz
mate 2:   SRR23609084_R2_trimmed.fastq.gz
Thread #0 end of input stream, nextChar=-1
Completed: thread #4
Completed: thread #2
Completed: thread #3
BAM sorting: 55792 mapped reads
BAM sorting bins genomic start loci:
1	0	29546
2	0	29546
3	0	29547
4	0	29551
5	0	29554
6	0	29564
7	0	29564
8	0	29577
9	0	29590
10	0	29593
11	0	29595
12	0	29599
13	0	29600
14	0	29600
15	0	29603
16	0	29607
17	0	29614
18	0	29619
19	0	29627
20	0	29629
21	0	29631
22	0	29633
23	0	29641
24	0	29643
25	0	29644
26	0	29647
27	0	29651
28	0	29653
29	0	29654
30	0	29658
31	0	29661
32	0	29673
33	0	29677
34	0	29682
35	0	29686
36	0	29687
37	0	29691
38	0	29694
39	0	29696
40	0	29701
41	0	29704
42	0	29711
43	0	29712
44	0	29715
45	0	29744
46	0	29746
47	0	29770
48	0	29794
Completed: thread #0
Completed: thread #1
Joined thread # 1
Joined thread # 2
Joined thread # 3
Joined thread # 4
Jul 20 23:57:32 ..... finished mapping
RAM after mapping:
VmPeak:	  996200 kB; VmSize:	  930756 kB; VmHWM:	  632320 kB; VmRSS:	  604764 kB; 
RAM after freeing genome index memory:
VmPeak:	  996200 kB; VmSize:	  930252 kB; VmHWM:	  632320 kB; VmRSS:	  604264 kB; 
Jul 20 23:57:32 ..... started sorting BAM
Max memory needed for sorting = 2520267
ALL DONE!
