                                 Started job on |	Jul 20 23:57:29
                             Started mapping on |	Jul 20 23:57:29
                                    Finished on |	Jul 20 23:57:33
       Mapping speed, Million of reads per hour |	72.06

                          Number of input reads |	80070
                      Average input read length |	255
                                    UNIQUE READS:
                   Uniquely mapped reads number |	75896
                        Uniquely mapped reads % |	94.79%
                          Average mapped length |	253.83
                       Number of splices: Total |	391
            Number of splices: Annotated (sjdb) |	0
                       Number of splices: GT/AG |	105
                       Number of splices: GC/AG |	5
                       Number of splices: AT/AC |	3
               Number of splices: Non-canonical |	278
                      Mismatch rate per base, % |	0.25%
                         Deletion rate per base |	0.28%
                        Deletion average length |	1.63
                        Insertion rate per base |	0.01%
                       Insertion average length |	1.12
                             MULTI-MAPPING READS:
        Number of reads mapped to multiple loci |	1178
             % of reads mapped to multiple loci |	1.47%
        Number of reads mapped to too many loci |	0
             % of reads mapped to too many loci |	0.00%
                                  UNMAPPED READS:
  Number of reads unmapped: too many mismatches |	0
       % of reads unmapped: too many mismatches |	0.00%
            Number of reads unmapped: too short |	1348
                 % of reads unmapped: too short |	1.68%
                Number of reads unmapped: other |	1648
                     % of reads unmapped: other |	2.06%
                                  CHIMERIC READS:
                       Number of chimeric reads |	0
                            % of chimeric reads |	0.00%
