[2025-07-20 21:55:30,842] multiqc                                            [DEBUG  ]  This is MultiQC v1.14
[2025-07-20 21:55:30,843] multiqc                                            [DEBUG  ]  Command used: /usr/local/bin/multiqc . --title SARS-Cov 2
[2025-07-20 21:55:31,477] multiqc                                            [WARNING]  MultiQC Version v1.30 now available!
[2025-07-20 21:55:31,478] multiqc                                            [DEBUG  ]  Working dir : /home/macoe/PRODATA_project/nexflow/work/9f/22c751c144ad26521f432407ed26d7
[2025-07-20 21:55:31,478] multiqc                                            [DEBUG  ]  Template    : default
[2025-07-20 21:55:31,478] multiqc                                            [DEBUG  ]  Running Python 3.11.1 (main, Dec 21 2022, 08:24:23) [GCC 10.2.1 20210110]
[2025-07-20 21:55:31,479] multiqc                                            [INFO   ]  Report title: SARS-Cov 2
[2025-07-20 21:55:31,480] multiqc                                            [DEBUG  ]  Analysing modules: custom_content, ccs, ngsderive, purple, conpair, lima, peddy, somalier, methylQA, mosdepth, phantompeakqualtools, qualimap, preseq, hifiasm, quast, qorts, rna_seqc, rockhopper, rsem, rseqc, busco, bustools, goleft_indexcov, gffcompare, disambiguate, supernova, deeptools, sargasso, verifybamid, mirtrace, happy, mirtop, sambamba, gopeaks, homer, hops, macs2, theta2, snpeff, gatk, htseq, bcftools, featureCounts, fgbio, dragen, dragen_fastqc, dedup, pbmarkdup, damageprofiler, biobambam2, jcvi, mtnucratio, picard, vep, sentieon, prokka, qc3C, nanostat, samblaster, samtools, sexdeterrmine, eigenstratdatabasetools, bamtools, jellyfish, vcftools, longranger, stacks, varscan2, snippy, umitools, bbmap, bismark, biscuit, diamond, hicexplorer, hicup, hicpro, salmon, kallisto, slamdunk, star, hisat2, tophat, bowtie2, bowtie1, cellranger, snpsplit, odgi, pangolin, nextclade, humid, kat, leehom, adapterRemoval, bbduk, clipandmerge, cutadapt, flexbar, kaiju, kraken, malt, motus, trimmomatic, sickle, skewer, sortmerna, biobloomtools, fastq_screen, afterqc, fastp, fastqc, filtlong, prinseqplusplus, pychopper, porechop, pycoqc, minionqc, anglerfish, multivcfanalyzer, clusterflow, checkqc, bcl2fastq, bclconvert, interop, ivar, flash, seqyclean, optitype, whatshap
[2025-07-20 21:55:31,480] multiqc                                            [DEBUG  ]  Using temporary directory for creating report: /tmp/tmpah8mbskb
[2025-07-20 21:55:31,680] multiqc                                            [INFO   ]  Search path : /home/macoe/PRODATA_project/nexflow/work/9f/22c751c144ad26521f432407ed26d7
[2025-07-20 21:55:31,742] multiqc                                            [DEBUG  ]  Summary of files that were skipped by the search: [skipped_no_match: 7] // [skipped_module_specific_max_filesize: 5]
[2025-07-20 21:55:33,294] multiqc.plots.bargraph                             [DEBUG  ]  Using matplotlib version 3.6.2
[2025-07-20 21:55:33,301] multiqc.plots.linegraph                            [DEBUG  ]  Using matplotlib version 3.6.2
[2025-07-20 21:55:33,303] multiqc                                            [DEBUG  ]  No samples found: custom_content
[2025-07-20 21:55:33,353] multiqc.modules.fastqc.fastqc                      [INFO   ]  Found 20 reports
[2025-07-20 21:55:33,571] multiqc                                            [INFO   ]  Compressing plot data
[2025-07-20 21:55:33,730] multiqc                                            [INFO   ]  Report      : SARS-Cov-2_multiqc_report.html
[2025-07-20 21:55:33,730] multiqc                                            [INFO   ]  Data        : SARS-Cov-2_multiqc_report_data
[2025-07-20 21:55:33,730] multiqc                                            [DEBUG  ]  Moving data file from '/tmp/tmpah8mbskb/multiqc_data' to '/home/macoe/PRODATA_project/nexflow/work/9f/22c751c144ad26521f432407ed26d7/SARS-Cov-2_multiqc_report_data'
[2025-07-20 21:55:33,813] multiqc                                            [INFO   ]  MultiQC complete
