                                 Started job on |	Jul 20 23:56:09
                             Started mapping on |	Jul 20 23:56:09
                                    Finished on |	Jul 20 23:57:18
       Mapping speed, Million of reads per hour |	6.79

                          Number of input reads |	130065
                      Average input read length |	299
                                    UNIQUE READS:
                   Uniquely mapped reads number |	122278
                        Uniquely mapped reads % |	94.01%
                          Average mapped length |	278.77
                       Number of splices: Total |	74544
            Number of splices: Annotated (sjdb) |	0
                       Number of splices: GT/AG |	19
                       Number of splices: GC/AG |	0
                       Number of splices: AT/AC |	0
               Number of splices: Non-canonical |	74525
                      Mismatch rate per base, % |	1.63%
                         Deletion rate per base |	0.04%
                        Deletion average length |	1.34
                        Insertion rate per base |	0.02%
                       Insertion average length |	1.17
                             MULTI-MAPPING READS:
        Number of reads mapped to multiple loci |	1567
             % of reads mapped to multiple loci |	1.20%
        Number of reads mapped to too many loci |	0
             % of reads mapped to too many loci |	0.00%
                                  UNMAPPED READS:
  Number of reads unmapped: too many mismatches |	0
       % of reads unmapped: too many mismatches |	0.00%
            Number of reads unmapped: too short |	370
                 % of reads unmapped: too short |	0.28%
                Number of reads unmapped: other |	5850
                     % of reads unmapped: other |	4.50%
                                  CHIMERIC READS:
                       Number of chimeric reads |	0
                            % of chimeric reads |	0.00%
