STAR version=2.7.11b
STAR compilation time,server,dir=2024-04-14T23:10:25+00:00 <place not set in Debian package>
##### Command Line:
/usr/lib/rna-star/bin/STAR-avx2 --runMode alignReads --genomeDir star_index --readFilesIn SRR23609083_R1_trimmed.fastq.gz SRR23609083_R2_trimmed.fastq.gz --readFilesCommand zcat --outFileNamePrefix SRR23609083_ --outSAMtype BAM SortedByCoordinate --runThreadN 5 --limitBAMsortRAM 2000000000
##### Initial USER parameters from Command Line:
outFileNamePrefix                 SRR23609083_
###### All USER parameters from Command Line:
runMode                       alignReads        ~RE-DEFINED
genomeDir                     star_index     ~RE-DEFINED
readFilesIn                   SRR23609083_R1_trimmed.fastq.gz   SRR23609083_R2_trimmed.fastq.gz        ~RE-DEFINED
readFilesCommand              zcat        ~RE-DEFINED
outFileNamePrefix             SRR23609083_     ~RE-DEFINED
outSAMtype                    BAM   SortedByCoordinate        ~RE-DEFINED
runThreadN                    5     ~RE-DEFINED
limitBAMsortRAM               2000000000     ~RE-DEFINED
##### Finished reading parameters from all sources

##### Final user re-defined parameters-----------------:
runMode                           alignReads   
runThreadN                        5
genomeDir                         star_index
readFilesIn                       SRR23609083_R1_trimmed.fastq.gz   SRR23609083_R2_trimmed.fastq.gz   
readFilesCommand                  zcat   
limitBAMsortRAM                   2000000000
outFileNamePrefix                 SRR23609083_
outSAMtype                        BAM   SortedByCoordinate   

-------------------------------
##### Final effective command line:
/usr/lib/rna-star/bin/STAR-avx2   --runMode alignReads      --runThreadN 5   --genomeDir star_index   --readFilesIn SRR23609083_R1_trimmed.fastq.gz   SRR23609083_R2_trimmed.fastq.gz      --readFilesCommand zcat      --limitBAMsortRAM 2000000000   --outFileNamePrefix SRR23609083_   --outSAMtype BAM   SortedByCoordinate   
----------------------------------------

Number of fastq files for each mate = 1

   Input read files for mate 1 :
-rw-r--r-- 1 root root 1183055 Jul 20 23:55 SRR23609083_R1_trimmed.fastq.gz

   readsCommandsFile:
exec > "SRR23609083__STARtmp/tmp.fifo.read1"
echo FILE 0
zcat      "SRR23609083_R1_trimmed.fastq.gz"


   Input read files for mate 2 :
-rw-r--r-- 1 root root 1191324 Jul 20 23:55 SRR23609083_R2_trimmed.fastq.gz

   readsCommandsFile:
exec > "SRR23609083__STARtmp/tmp.fifo.read2"
echo FILE 0
zcat      "SRR23609083_R2_trimmed.fastq.gz"

ParametersSolo: --soloCellFilterType CellRanger2.2 filtering parameters:  3000 0.99 10
Finished loading and checking parameters
Reading genome generation parameters:
### /usr/lib/rna-star/bin/STAR-avx2   --runMode genomeGenerate      --runThreadN 5   --genomeDir ./star_index   --genomeFastaFiles SARS-Cov2_reference_genome.fasta      --genomeSAindexNbases 6
### GstrandBit=32
versionGenome                 2.7.4a     ~RE-DEFINED
genomeType                    Full     ~RE-DEFINED
genomeFastaFiles              SARS-Cov2_reference_genome.fasta        ~RE-DEFINED
genomeSAindexNbases           6     ~RE-DEFINED
genomeChrBinNbits             18     ~RE-DEFINED
genomeSAsparseD               1     ~RE-DEFINED
genomeTransformType           None     ~RE-DEFINED
genomeTransformVCF            -     ~RE-DEFINED
sjdbOverhang                  0     ~RE-DEFINED
sjdbFileChrStartEnd           -        ~RE-DEFINED
sjdbGTFfile                   -     ~RE-DEFINED
sjdbGTFchrPrefix              -     ~RE-DEFINED
sjdbGTFfeatureExon            exon     ~RE-DEFINED
sjdbGTFtagExonParentTranscripttranscript_id     ~RE-DEFINED
sjdbGTFtagExonParentGene      gene_id     ~RE-DEFINED
sjdbInsertSave                Basic     ~RE-DEFINED
genomeFileSizes               262144   246703        ~RE-DEFINED
Genome version is compatible with current STAR
Number of real (reference) chromosomes= 1
1	NC_045512.2	29903	0
Started loading the genome: Sun Jul 20 23:57:18 2025

Genome: size given as a parameter = 262144
SA: size given as a parameter = 246703
SAindex: size given as a parameter = 1
Read from SAindex: pGe.gSAindexNbases=6  nSAi=5460
nGenome=262144;  nSAbyte=246703
GstrandBit=32   SA number of indices=59806
Shared memory is not used for genomes. Allocated a private copy of the genome.
Genome file size: 262144 bytes; state: good=1 eof=0 fail=0 bad=0
Loading Genome ... done! state: good=1 eof=0 fail=0 bad=0; loaded 262144 bytes
SA file size: 246703 bytes; state: good=1 eof=0 fail=0 bad=0
Loading SA ... done! state: good=1 eof=0 fail=0 bad=0; loaded 246703 bytes
Loading SAindex ... done: 23955 bytes
Finished loading the genome: Sun Jul 20 23:57:18 2025

alignIntronMax=alignMatesGapMax=0, the max intron size will be approximately determined by (2^winBinNbits)*winAnchorDistNbins=589824
Created thread # 1
Starting to map file # 0
mate 1:   SRR23609083_R1_trimmed.fastq.gz
mate 2:   SRR23609083_R2_trimmed.fastq.gz
Created thread # 2
Created thread # 3
Created thread # 4
Thread #1 end of input stream, nextChar=-1
Completed: thread #2
Completed: thread #0
Completed: thread #4
Completed: thread #3
BAM sorting: 103678 mapped reads
BAM sorting bins genomic start loci:
1	0	29546
2	0	29546
3	0	29546
4	0	29547
5	0	29551
6	0	29553
7	0	29559
8	0	29564
9	0	29564
10	0	29564
11	0	29584
12	0	29590
13	0	29591
14	0	29593
15	0	29595
16	0	29595
17	0	29599
18	0	29600
19	0	29600
20	0	29603
21	0	29605
22	0	29607
23	0	29610
24	0	29617
25	0	29618
26	0	29626
27	0	29632
28	0	29637
29	0	29640
30	0	29643
31	0	29645
32	0	29647
33	0	29652
34	0	29653
35	0	29653
36	0	29661
37	0	29671
38	0	29672
39	0	29673
40	0	29676
41	0	29677
42	0	29681
43	0	29689
44	0	29694
45	0	29699
46	0	29719
47	0	29785
48	0	29799
Completed: thread #1
Joined thread # 1
Joined thread # 2
Joined thread # 3
Joined thread # 4
Jul 20 23:57:20 ..... finished mapping
RAM after mapping:
VmPeak:	  996200 kB; VmSize:	  930664 kB; VmHWM:	  584384 kB; VmRSS:	  557052 kB; 
RAM after freeing genome index memory:
VmPeak:	  996200 kB; VmSize:	  930160 kB; VmHWM:	  584384 kB; VmRSS:	  556664 kB; 
Jul 20 23:57:20 ..... started sorting BAM
Max memory needed for sorting = 2055982
ALL DONE!
